
=== conv-eks-migration (EKS migration from us-east-1 to us-west-2) ===
-- Vanilla pass --
  C1 (100 turns)... 3292 chars
  C2 (100 turns)... 3127 chars
  C3 (100 turns)... 2724 chars
  C4 (100 turns)... 2420 chars
-- Kasett v2 pass --
  C1 (100 turns)... 4608 chars, schema=v3, subs=3, key_state=11, prev=0, core=0, lc=0
  C2 (100 turns)... 6447 chars, schema=v3, subs=4, key_state=16, prev=2, core=0, lc=0
  C3 (100 turns)... 6148 chars, schema=v3, subs=4, key_state=19, prev=3, core=2, lc=3
  C4 (100 turns)... 6840 chars, schema=v3, subs=5, key_state=20, prev=3, core=4, lc=3
-- Probes (12) --
  [eks-p1] depth=1 type=long-range-recall: vanilla=WRONG kasett=WRONG
  [eks-p2] depth=1 type=decision-continuity: vanilla=WRONG kasett=WRONG
  [eks-p3] depth=1 type=thread-lineage: vanilla=WRONG kasett=WRONG
  [eks-p4] depth=2 type=long-range-recall: vanilla=WRONG kasett=CORRECT
  [eks-p5] depth=2 type=decision-continuity: vanilla=WRONG kasett=WRONG
  [eks-p6] depth=2 type=long-range-recall: vanilla=WRONG kasett=CORRECT
  [eks-p7] depth=3 type=long-range-recall: vanilla=WRONG kasett=CORRECT
  [eks-p8] depth=3 type=decision-continuity: vanilla=WRONG kasett=WRONG
  [eks-p9] depth=3 type=trajectory: vanilla=WRONG kasett=WRONG
  [eks-p10] depth=current type=long-range-recall: vanilla=CORRECT kasett=CORRECT
  [eks-p11] depth=current type=trajectory: vanilla=CORRECT kasett=CORRECT
  [eks-p12] depth=current type=long-range-recall: vanilla=WRONG kasett=CORRECT

=== Done ===
Results: /home/node/.openclaw/workspace/research/phase4-results/results-v2-conv-eks-migration.json
