
=== conv-auth-launch (Auth system rebuild — JWT vs OAuth, cookies, MFA) ===
-- Vanilla pass --
  C1 (100 turns)... 2881 chars
  C2 (100 turns)... 3101 chars
  C3 (100 turns)... 2730 chars
  C4 (100 turns)... 2215 chars
-- Kasett pass --
  C1 (100 turns)... 4437 chars, schema=v3, subs=3, key_state=8, prev=0, fired=true
  C2 (100 turns)... 4452 chars, schema=v3, subs=3, key_state=11, prev=2, fired=true
  C3 (100 turns)... 5149 chars, schema=v3, subs=3, key_state=14, prev=3, fired=true
  C4 (100 turns)... 4232 chars, schema=v3, subs=4, key_state=15, prev=3, fired=true
-- Probes (12) --
  [auth-p1] depth=1 type=decision-continuity: vanilla=WRONG kasett=WRONG
  [auth-p2] depth=1 type=long-range-recall: vanilla=WRONG kasett=WRONG
  [auth-p3] depth=1 type=long-range-recall: vanilla=WRONG kasett=CORRECT
  [auth-p4] depth=2 type=decision-continuity: vanilla=WRONG kasett=WRONG
  [auth-p5] depth=2 type=long-range-recall: vanilla=WRONG kasett=CORRECT
  [auth-p6] depth=2 type=thread-lineage: vanilla=WRONG kasett=WRONG
  [auth-p7] depth=3 type=decision-continuity: vanilla=WRONG kasett=CORRECT
  [auth-p8] depth=3 type=long-range-recall: vanilla=WRONG kasett=WRONG
  [auth-p9] depth=3 type=thread-lineage: vanilla=WRONG kasett=WRONG
  [auth-p10] depth=current type=long-range-recall: vanilla=CORRECT kasett=CORRECT
  [auth-p11] depth=current type=long-range-recall: vanilla=CORRECT kasett=CORRECT
  [auth-p12] depth=current type=trajectory: vanilla=WRONG kasett=CORRECT

=== Done ===
